0 info it worked if it ends with ok
1 verbose cli [ 'C:\\Program Files\\nodejs\\node.exe',
1 verbose cli   'C:\\Program Files\\nodejs\\node_modules\\npm\\bin\\npm-cli.js',
1 verbose cli   'start' ]
2 info using npm@4.0.5
3 info using node@v7.4.0
4 verbose run-script [ 'prestart', 'start', 'poststart' ]
5 info lifecycle tplpsil@0.0.1~prestart: tplpsil@0.0.1
6 silly lifecycle tplpsil@0.0.1~prestart: no script for prestart, continuing
7 info lifecycle tplpsil@0.0.1~start: tplpsil@0.0.1
8 verbose lifecycle tplpsil@0.0.1~start: unsafe-perm in lifecycle true
9 verbose lifecycle tplpsil@0.0.1~start: PATH: C:\Program Files\nodejs\node_modules\npm\bin\node-gyp-bin;C:\Users\Utilisateur\Documents\Licence\Web_semantique\Projet_NodJs\lpsil\node_modules\.bin;C:\ProgramData\Oracle\Java\javapath;C:\Windows\system32;C:\Windows;C:\Windows\System32\Wbem;C:\Windows\System32\WindowsPowerShell\v1.0\;C:\Program Files (x86)\ATI Technologies\ATI.ACE\Core-Static;C:\Program Files (x86)\apache-maven-3.3.9\bin;C:\Program Files\nodejs\;C:\Sun\AppServer\bin;C:\Users\Utilisateur\AppData\Local\Microsoft\WindowsApps;C:\Users\Utilisateur\AppData\Local\atom\bin;C:\Users\Utilisateur\AppData\Roaming\npm
10 verbose lifecycle tplpsil@0.0.1~start: CWD: C:\Users\Utilisateur\Documents\Licence\Web_semantique\Projet_NodJs\lpsil
11 silly lifecycle tplpsil@0.0.1~start: Args: [ '/d /s /c', 'node server.js' ]
12 silly lifecycle tplpsil@0.0.1~start: Returned: code: 3221225786  signal: null
13 info lifecycle tplpsil@0.0.1~start: Failed to exec start script
14 verbose stack Error: tplpsil@0.0.1 start: `node server.js`
14 verbose stack Exit status 3221225786
14 verbose stack     at EventEmitter.<anonymous> (C:\Program Files\nodejs\node_modules\npm\lib\utils\lifecycle.js:279:16)
14 verbose stack     at emitTwo (events.js:106:13)
14 verbose stack     at EventEmitter.emit (events.js:191:7)
14 verbose stack     at ChildProcess.<anonymous> (C:\Program Files\nodejs\node_modules\npm\lib\utils\spawn.js:40:14)
14 verbose stack     at emitTwo (events.js:106:13)
14 verbose stack     at ChildProcess.emit (events.js:191:7)
14 verbose stack     at maybeClose (internal/child_process.js:885:16)
14 verbose stack     at Process.ChildProcess._handle.onexit (internal/child_process.js:226:5)
15 verbose pkgid tplpsil@0.0.1
16 verbose cwd C:\Users\Utilisateur\Documents\Licence\Web_semantique\Projet_NodJs\lpsil
17 error Windows_NT 10.0.14393
18 error argv "C:\\Program Files\\nodejs\\node.exe" "C:\\Program Files\\nodejs\\node_modules\\npm\\bin\\npm-cli.js" "start"
19 error node v7.4.0
20 error npm  v4.0.5
21 error code ELIFECYCLE
22 error tplpsil@0.0.1 start: `node server.js`
22 error Exit status 3221225786
23 error Failed at the tplpsil@0.0.1 start script 'node server.js'.
23 error Make sure you have the latest version of node.js and npm installed.
23 error If you do, this is most likely a problem with the tplpsil package,
23 error not with npm itself.
23 error Tell the author that this fails on your system:
23 error     node server.js
23 error You can get information on how to open an issue for this project with:
23 error     npm bugs tplpsil
23 error Or if that isn't available, you can get their info via:
23 error     npm owner ls tplpsil
23 error There is likely additional logging output above.
24 verbose exit [ 1, true ]
